# JRE version: Java(TM) SE Runtime Environment (17.0.10+11) (build 17.0.10+11-LTS-240)
# Java VM: Java HotSpot(TM) 64-Bit Server VM (17.0.10+11-LTS-240, mixed mode, sharing, tiered, compressed oops, compressed class ptrs, g1 gc, windows-amd64)
GC Precious Log:
 CPUs: 8 total, 8 available
 Memory: 7885M
 Large Page Support: Disabled
 NUMA Support: Disabled
 Compressed Oops: Enabled (32-bit)
 Heap Region Size: 1M
 Heap Min Capacity: 8M
 Heap Initial Capacity: 124M
 Heap Max Capacity: 2G
 Pre-touch: Disabled
 Parallel Workers: 8
 Concurrent Workers: 2
 Concurrent Refinement Workers: 8
 Periodic GC: Disabled
Heap:
 garbage-first heap   total 110592K, used 68264K [0x0000000080000000, 0x0000000100000000)
  region size 1024K, 7 young (7168K), 4 survivors (4096K)
 Metaspace       used 66438K, committed 67200K, reserved 491520K
  class space    used 9337K, committed 9664K, reserved 425984K
GC Heap History (20 events):
Event: 5.384 GC heap before
{Heap before GC invocations=10 (full 0):
 garbage-first heap   total 92160K, used 73798K [0x0000000080000000, 0x0000000100000000)
  region size 1024K, 37 young (37888K), 2 survivors (2048K)
 Metaspace       used 37981K, committed 38464K, reserved 491520K
  class space    used 5264K, committed 5504K, reserved 425984K
}
Event: 5.387 GC heap after
{Heap after GC invocations=11 (full 0):
 garbage-first heap   total 92160K, used 36664K [0x0000000080000000, 0x0000000100000000)
  region size 1024K, 5 young (5120K), 5 survivors (5120K)
 Metaspace       used 37981K, committed 38464K, reserved 491520K
  class space    used 5264K, committed 5504K, reserved 425984K
}
Event: 5.761 GC heap before
{Heap before GC invocations=11 (full 0):
 garbage-first heap   total 92160K, used 70456K [0x0000000080000000, 0x0000000100000000)
  region size 1024K, 38 young (38912K), 5 survivors (5120K)
 Metaspace       used 39830K, committed 40384K, reserved 491520K
  class space    used 5564K, committed 5824K, reserved 425984K
}
Event: 5.766 GC heap after
{Heap after GC invocations=12 (full 0):
 garbage-first heap   total 92160K, used 38408K [0x0000000080000000, 0x0000000100000000)
  region size 1024K, 3 young (3072K), 3 survivors (3072K)
 Metaspace       used 39830K, committed 40384K, reserved 491520K
  class space    used 5564K, committed 5824K, reserved 425984K
}
Event: 6.090 GC heap before
{Heap before GC invocations=12 (full 0):
 garbage-first heap   total 92160K, used 71176K [0x0000000080000000, 0x0000000100000000)
  region size 1024K, 35 young (35840K), 3 survivors (3072K)
 Metaspace       used 42143K, committed 42688K, reserved 491520K
  class space    used 5916K, committed 6144K, reserved 425984K
}
Event: 6.092 GC heap after
{Heap after GC invocations=13 (full 0):
 garbage-first heap   total 110592K, used 39474K [0x0000000080000000, 0x0000000100000000)
  region size 1024K, 4 young (4096K), 4 survivors (4096K)
 Metaspace       used 42143K, committed 42688K, reserved 491520K
  class space    used 5916K, committed 6144K, reserved 425984K
}
Event: 6.833 GC heap before
{Heap before GC invocations=13 (full 0):
 garbage-first heap   total 110592K, used 85554K [0x0000000080000000, 0x0000000100000000)
  region size 1024K, 49 young (50176K), 4 survivors (4096K)
 Metaspace       used 48438K, committed 48960K, reserved 491520K
  class space    used 6790K, committed 7040K, reserved 425984K
}
Event: 6.838 GC heap after
{Heap after GC invocations=14 (full 0):
 garbage-first heap   total 110592K, used 42566K [0x0000000080000000, 0x0000000100000000)
  region size 1024K, 7 young (7168K), 7 survivors (7168K)
 Metaspace       used 48438K, committed 48960K, reserved 491520K
  class space    used 6790K, committed 7040K, reserved 425984K
}
Event: 7.725 GC heap before
{Heap before GC invocations=14 (full 0):
 garbage-first heap   total 110592K, used 87622K [0x0000000080000000, 0x0000000100000000)
  region size 1024K, 50 young (51200K), 7 survivors (7168K)
 Metaspace       used 54499K, committed 55104K, reserved 491520K
  class space    used 7543K, committed 7808K, reserved 425984K
}
Event: 7.729 GC heap after
{Heap after GC invocations=15 (full 0):
 garbage-first heap   total 110592K, used 44633K [0x0000000080000000, 0x0000000100000000)
  region size 1024K, 6 young (6144K), 6 survivors (6144K)
 Metaspace       used 54499K, committed 55104K, reserved 491520K
  class space    used 7543K, committed 7808K, reserved 425984K
}
Event: 8.497 GC heap before
{Heap before GC invocations=15 (full 0):
 garbage-first heap   total 110592K, used 87641K [0x0000000080000000, 0x0000000100000000)
  region size 1024K, 48 young (49152K), 6 survivors (6144K)
 Metaspace       used 58736K, committed 59392K, reserved 491520K
  class space    used 8165K, committed 8512K, reserved 425984K
}
Event: 8.502 GC heap after
{Heap after GC invocations=16 (full 0):
 garbage-first heap   total 110592K, used 47302K [0x0000000080000000, 0x0000000100000000)
  region size 1024K, 5 young (5120K), 5 survivors (5120K)
 Metaspace       used 58736K, committed 59392K, reserved 491520K
  class space    used 8165K, committed 8512K, reserved 425984K
}
Event: 8.603 GC heap before
{Heap before GC invocations=16 (full 0):
 garbage-first heap   total 110592K, used 55494K [0x0000000080000000, 0x0000000100000000)
  region size 1024K, 14 young (14336K), 5 survivors (5120K)
 Metaspace       used 59497K, committed 60096K, reserved 491520K
  class space    used 8275K, committed 8576K, reserved 425984K
}
Event: 8.607 GC heap after
{Heap after GC invocations=17 (full 0):
 garbage-first heap   total 110592K, used 47434K [0x0000000080000000, 0x0000000100000000)
  region size 1024K, 3 young (3072K), 3 survivors (3072K)
 Metaspace       used 59497K, committed 60096K, reserved 491520K
  class space    used 8275K, committed 8576K, reserved 425984K
}
Event: 10.521 GC heap before
{Heap before GC invocations=18 (full 0):
 garbage-first heap   total 110592K, used 89418K [0x0000000080000000, 0x0000000100000000)
  region size 1024K, 45 young (46080K), 3 survivors (3072K)
 Metaspace       used 61178K, committed 61888K, reserved 491520K
  class space    used 8499K, committed 8832K, reserved 425984K
}
Event: 10.529 GC heap after
{Heap after GC invocations=19 (full 0):
 garbage-first heap   total 110592K, used 50400K [0x0000000080000000, 0x0000000100000000)
  region size 1024K, 6 young (6144K), 6 survivors (6144K)
 Metaspace       used 61178K, committed 61888K, reserved 491520K
  class space    used 8499K, committed 8832K, reserved 425984K
}
Event: 11.611 GC heap before
{Heap before GC invocations=19 (full 0):
 garbage-first heap   total 110592K, used 94432K [0x0000000080000000, 0x0000000100000000)
  region size 1024K, 45 young (46080K), 6 survivors (6144K)
 Metaspace       used 64438K, committed 65152K, reserved 491520K
  class space    used 9064K, committed 9408K, reserved 425984K
}
Event: 11.617 GC heap after
{Heap after GC invocations=20 (full 0):
 garbage-first heap   total 110592K, used 57030K [0x0000000080000000, 0x0000000100000000)
  region size 1024K, 6 young (6144K), 6 survivors (6144K)
 Metaspace       used 64438K, committed 65152K, reserved 491520K
  class space    used 9064K, committed 9408K, reserved 425984K
}
Event: 11.921 GC heap before
{Heap before GC invocations=20 (full 0):
 garbage-first heap   total 110592K, used 73414K [0x0000000080000000, 0x0000000100000000)
  region size 1024K, 23 young (23552K), 6 survivors (6144K)
 Metaspace       used 66339K, committed 67072K, reserved 491520K
  class space    used 9328K, committed 9664K, reserved 425984K
}
Event: 11.925 GC heap after
{Heap after GC invocations=21 (full 0):
 garbage-first heap   total 110592K, used 58024K [0x0000000080000000, 0x0000000100000000)
  region size 1024K, 4 young (4096K), 4 survivors (4096K)
 Metaspace       used 66339K, committed 67072K, reserved 491520K
  class space    used 9328K, committed 9664K, reserved 425984K
}

